<?xml version="1.0" encoding="UTF-8"?>
<!-- Generated by org.testng.reporters.JUnitReportReporter -->
<testsuite hostname="Irshad01" failures="0" tests="1" name="RestA.jsonclass" time="0.018" errors="0" timestamp="2025-08-17T17:00:43 IST" skipped="0">
  <testcase classname="RestA.jsonclass" name="method" time="0.018"/>
</testsuite> <!-- RestA.jsonclass -->
