<?xml version="1.0" encoding="UTF-8"?>
<!-- Generated by org.testng.reporters.JUnitReportReporter -->
<testsuite hostname="Irshad01" failures="0" tests="1" name="RestA.JsonPathhhh" time="0.010" errors="0" timestamp="2025-08-17T13:41:34 IST" skipped="0">
  <testcase classname="RestA.JsonPathhhh" name="method" time="0.010"/>
</testsuite> <!-- RestA.JsonPathhhh -->
