<?xml version="1.0" encoding="UTF-8"?>
<!-- Generated by org.testng.reporters.JUnitReportReporter -->
<testsuite hostname="Irshad01" failures="0" tests="1" name="pojo.demonestedpayload" time="0.244" errors="0" timestamp="2025-08-21T18:48:44 IST" skipped="0">
  <testcase classname="pojo.demonestedpayload" name="done" time="0.244"/>
</testsuite> <!-- pojo.demonestedpayload -->
