<?xml version="1.0" encoding="UTF-8"?>
<!-- Generated by org.testng.reporters.JUnitReportReporter -->
<testsuite hostname="Irshad01" failures="0" tests="1" name="RestA.RestPractice" time="7.120" errors="0" timestamp="2025-08-17T21:54:58 IST" skipped="0">
  <testcase classname="RestA.RestPractice" name="propertyLossFlow" time="7.120"/>
</testsuite> <!-- RestA.RestPractice -->
